<?xml version="1.0" encoding="UTF-8"?>
<testsuite name="com.example.hybridguard.featureapp.BrowserLaunchDecisionTest" tests="7" skipped="0" failures="0" errors="0" timestamp="2026-08-03T10:41:42.687Z" hostname="XavierdeMacBook-Air.local" time="0.017">
  <properties/>
  <testcase name="emptyHandlerSetIsReportedExplicitly" classname="com.example.hybridguard.featureapp.BrowserLaunchDecisionTest" time="0.009"/>
  <testcase name="onePlusStyleChooserSelectsAospBrowserInsteadOfWeibo" classname="com.example.hybridguard.featureapp.BrowserLaunchDecisionTest" time="0.005"/>
  <testcase name="duplicateAndReorderedCandidatesProduceStableSelection" classname="com.example.hybridguard.featureapp.BrowserLaunchDecisionTest" time="0.0"/>
  <testcase name="declaredBrowserCategorySupportsUnknownVendorPackage" classname="com.example.hybridguard.featureapp.BrowserLaunchDecisionTest" time="0.0"/>
  <testcase name="concreteQualifiedHandlerIsSelectedWithoutFallback" classname="com.example.hybridguard.featureapp.BrowserLaunchDecisionTest" time="0.0"/>
  <testcase name="samsungStyleChooserSelectsSamsungInternet" classname="com.example.hybridguard.featureapp.BrowserLaunchDecisionTest" time="0.0"/>
  <testcase name="arbitraryHttpsHandlersAreNotTreatedAsBrowsers" classname="com.example.hybridguard.featureapp.BrowserLaunchDecisionTest" time="0.0"/>
  <system-out><![CDATA[]]></system-out>
  <system-err><![CDATA[]]></system-err>
</testsuite>
