<?xml version="1.0" encoding="UTF-8"?>
<testsuite name="com.example.hybridguard.featureapp.BrowserPairContractTest" tests="17" skipped="0" failures="0" errors="0" timestamp="2026-08-03T10:41:42.707Z" hostname="XavierdeMacBook-Air.local" time="0.072">
  <properties/>
  <testcase name="pendingPollCarriesBrowserStageForRelaunchSuppression" classname="com.example.hybridguard.featureapp.BrowserPairContractTest" time="0.057"/>
  <testcase name="backgroundReceiptHandoffRoundTripsWithItsOwningEndpoint" classname="com.example.hybridguard.featureapp.BrowserPairContractTest" time="0.001"/>
  <testcase name="ticketWithDifferentAppHashIsRejected" classname="com.example.hybridguard.featureapp.BrowserPairContractTest" time="0.0"/>
  <testcase name="provisionalRequestUsesStableIdAndOmitsReceiptBinding" classname="com.example.hybridguard.featureapp.BrowserPairContractTest" time="0.001"/>
  <testcase name="handledMarkerMatchesOnlyItsStableTicketRequestId" classname="com.example.hybridguard.featureapp.BrowserPairContractTest" time="0.001"/>
  <testcase name="handoffKeyMustMatchReceiptSessionBinding" classname="com.example.hybridguard.featureapp.BrowserPairContractTest" time="0.003"/>
  <testcase name="provisionalTicketWithDifferentRequestIdIsRejected" classname="com.example.hybridguard.featureapp.BrowserPairContractTest" time="0.001"/>
  <testcase name="ticketMustEchoTheDurableAppReceiptBinding" classname="com.example.hybridguard.featureapp.BrowserPairContractTest" time="0.006"/>
  <testcase name="expiredPollIsTerminalWithoutInventingBrowserEvidence" classname="com.example.hybridguard.featureapp.BrowserPairContractTest" time="0.0"/>
  <testcase name="provisionalTicketMayStartWithoutReceiptBinding" classname="com.example.hybridguard.featureapp.BrowserPairContractTest" time="0.0"/>
  <testcase name="acknowledgementOnlyMatchesTheExactPeekedRecord" classname="com.example.hybridguard.featureapp.BrowserPairContractTest" time="0.001"/>
  <testcase name="completedProvisionalPollRequiresCompleteReceiptBinding" classname="com.example.hybridguard.featureapp.BrowserPairContractTest" time="0.0"/>
  <testcase name="pendingPollIsNonTerminal" classname="com.example.hybridguard.featureapp.BrowserPairContractTest" time="0.0"/>
  <testcase name="provisionalPollMayTransitionFromNullToReceiptBinding" classname="com.example.hybridguard.featureapp.BrowserPairContractTest" time="0.0"/>
  <testcase name="completedPollMustRemainBoundToSamePairAndReceipt" classname="com.example.hybridguard.featureapp.BrowserPairContractTest" time="0.0"/>
  <testcase name="rebuiltActivityCanPeekHandoffOwnedByPreviousAppSession" classname="com.example.hybridguard.featureapp.BrowserPairContractTest" time="0.0"/>
  <testcase name="malformedBackgroundReceiptHandoffFailsClosed" classname="com.example.hybridguard.featureapp.BrowserPairContractTest" time="0.0"/>
  <system-out><![CDATA[]]></system-out>
  <system-err><![CDATA[]]></system-err>
</testsuite>
